  pathfinder.cpp
C:\Users\richa\OneDrive\Desktop\smashtester\pathfinder.cpp(161): warning C4018: '<': signed/unsigned mismatch
C:\Users\richa\OneDrive\Desktop\smashtester\pathfinder.cpp(181): warning C4018: '<': signed/unsigned mismatch
C:\Users\richa\OneDrive\Desktop\smashtester\pathfinder.cpp(188): warning C4018: '>': signed/unsigned mismatch
C:\Users\richa\OneDrive\Desktop\smashtester\pathfinder.cpp(198): warning C4018: '<': signed/unsigned mismatch
C:\Users\richa\OneDrive\Desktop\smashtester\pathfinder.cpp(278): warning C4018: '<': signed/unsigned mismatch
C:\Users\richa\OneDrive\Desktop\smashtester\pathfinder.cpp(344): warning C4018: '<': signed/unsigned mismatch
C:\Users\richa\OneDrive\Desktop\smashtester\pathfinder.cpp(369): warning C4018: '<': signed/unsigned mismatch
C:\Users\richa\OneDrive\Desktop\smashtester\pathfinder.cpp(381): warning C4018: '<': signed/unsigned mismatch
C:\Users\richa\OneDrive\Desktop\smashtester\pathfinder.cpp(393): warning C4018: '<': signed/unsigned mismatch
C:\Users\richa\OneDrive\Desktop\smashtester\pathfinder.cpp(410): warning C4018: '<': signed/unsigned mismatch
C:\Users\richa\OneDrive\Desktop\smashtester\pathfinder.cpp(424): warning C4018: '<': signed/unsigned mismatch
C:\Users\richa\OneDrive\Desktop\smashtester\pathfinder.cpp(440): warning C4018: '<': signed/unsigned mismatch
C:\Users\richa\OneDrive\Desktop\smashtester\pathfinder.cpp(467): warning C4018: '<': signed/unsigned mismatch
C:\Users\richa\OneDrive\Desktop\smashtester\pathfinder.cpp(478): warning C4018: '<': signed/unsigned mismatch
C:\Users\richa\OneDrive\Desktop\smashtester\pathfinder.cpp(494): warning C4018: '<': signed/unsigned mismatch
C:\Users\richa\OneDrive\Desktop\smashtester\pathfinder.cpp(515): warning C4018: '>': signed/unsigned mismatch
C:\Users\richa\OneDrive\Desktop\smashtester\pathfinder.cpp(521): warning C4018: '>': signed/unsigned mismatch
C:\Users\richa\OneDrive\Desktop\smashtester\pathfinder.cpp(527): warning C4018: '>': signed/unsigned mismatch
C:\Users\richa\OneDrive\Desktop\smashtester\pathfinder.cpp(532): warning C4018: '>': signed/unsigned mismatch
C:\Users\richa\OneDrive\Desktop\smashtester\pathfinder.cpp(537): warning C4018: '>': signed/unsigned mismatch
C:\Users\richa\OneDrive\Desktop\smashtester\pathfinder.cpp(545): warning C4018: '<': signed/unsigned mismatch
C:\Users\richa\OneDrive\Desktop\smashtester\pathfinder.cpp(561): warning C4018: '<': signed/unsigned mismatch
C:\Users\richa\OneDrive\Desktop\smashtester\pathfinder.cpp(563): warning C4018: '<': signed/unsigned mismatch
C:\Users\richa\OneDrive\Desktop\smashtester\pathfinder.cpp(1042): warning C4018: '<': signed/unsigned mismatch
C:\Users\richa\OneDrive\Desktop\smashtester\pathfinder.cpp(1050): warning C4018: '<': signed/unsigned mismatch
C:\Users\richa\OneDrive\Desktop\smashtester\pathfinder.cpp(1132): warning C4018: '<': signed/unsigned mismatch
C:\Users\richa\OneDrive\Desktop\smashtester\pathfinder.cpp(1214): warning C4018: '<': signed/unsigned mismatch
C:\Users\richa\OneDrive\Desktop\smashtester\pathfinder.cpp(1296): warning C4018: '<': signed/unsigned mismatch
C:\Users\richa\OneDrive\Desktop\smashtester\pathfinder.cpp(1378): warning C4018: '<': signed/unsigned mismatch
C:\Users\richa\OneDrive\Desktop\smashtester\pathfinder.cpp(1460): warning C4018: '<': signed/unsigned mismatch
C:\Users\richa\OneDrive\Desktop\smashtester\pathfinder.cpp(1542): warning C4018: '<': signed/unsigned mismatch
C:\Users\richa\OneDrive\Desktop\smashtester\pathfinder.cpp(1624): warning C4018: '<': signed/unsigned mismatch
C:\Users\richa\OneDrive\Desktop\smashtester\pathfinder.cpp(1706): warning C4018: '<': signed/unsigned mismatch
C:\Users\richa\OneDrive\Desktop\smashtester\pathfinder.cpp(1788): warning C4018: '<': signed/unsigned mismatch
C:\Users\richa\OneDrive\Desktop\smashtester\pathfinder.cpp(1870): warning C4018: '<': signed/unsigned mismatch
C:\Users\richa\OneDrive\Desktop\smashtester\pathfinder.cpp(1953): warning C4018: '<': signed/unsigned mismatch
C:\Users\richa\OneDrive\Desktop\smashtester\pathfinder.cpp(2035): warning C4018: '<': signed/unsigned mismatch
C:\Users\richa\OneDrive\Desktop\smashtester\pathfinder.cpp(2117): warning C4018: '<': signed/unsigned mismatch
C:\Users\richa\OneDrive\Desktop\smashtester\pathfinder.cpp(2199): warning C4018: '<': signed/unsigned mismatch
C:\Users\richa\OneDrive\Desktop\smashtester\pathfinder.cpp(2281): warning C4018: '<': signed/unsigned mismatch
C:\Users\richa\OneDrive\Desktop\smashtester\pathfinder.cpp(2363): warning C4018: '<': signed/unsigned mismatch
C:\Users\richa\OneDrive\Desktop\smashtester\pathfinder.cpp(2445): warning C4018: '<': signed/unsigned mismatch
C:\Users\richa\OneDrive\Desktop\smashtester\pathfinder.cpp(2527): warning C4018: '<': signed/unsigned mismatch
C:\Users\richa\OneDrive\Desktop\smashtester\pathfinder.cpp(2609): warning C4018: '<': signed/unsigned mismatch
C:\Users\richa\OneDrive\Desktop\smashtester\pathfinder.cpp(2691): warning C4018: '<': signed/unsigned mismatch
C:\Users\richa\OneDrive\Desktop\smashtester\pathfinder.cpp(2773): warning C4018: '<': signed/unsigned mismatch
C:\Users\richa\OneDrive\Desktop\smashtester\pathfinder.cpp(2855): warning C4018: '<': signed/unsigned mismatch
C:\Users\richa\OneDrive\Desktop\smashtester\pathfinder.cpp(2937): warning C4018: '<': signed/unsigned mismatch
C:\Users\richa\OneDrive\Desktop\smashtester\pathfinder.cpp(3019): warning C4018: '<': signed/unsigned mismatch
C:\Users\richa\OneDrive\Desktop\smashtester\pathfinder.cpp(3101): warning C4018: '<': signed/unsigned mismatch
C:\Users\richa\OneDrive\Desktop\smashtester\pathfinder.cpp(3183): warning C4018: '<': signed/unsigned mismatch
C:\Users\richa\OneDrive\Desktop\smashtester\pathfinder.cpp(3265): warning C4018: '<': signed/unsigned mismatch
C:\Users\richa\OneDrive\Desktop\smashtester\pathfinder.cpp(3347): warning C4018: '<': signed/unsigned mismatch
C:\Users\richa\OneDrive\Desktop\smashtester\pathfinder.cpp(3429): warning C4018: '<': signed/unsigned mismatch
C:\Users\richa\OneDrive\Desktop\smashtester\pathfinder.cpp(3511): warning C4018: '<': signed/unsigned mismatch
C:\Users\richa\OneDrive\Desktop\smashtester\pathfinder.cpp(3593): warning C4018: '<': signed/unsigned mismatch
C:\Users\richa\OneDrive\Desktop\smashtester\pathfinder.cpp(3675): warning C4018: '<': signed/unsigned mismatch
C:\Users\richa\OneDrive\Desktop\smashtester\pathfinder.cpp(3757): warning C4018: '<': signed/unsigned mismatch
C:\Users\richa\OneDrive\Desktop\smashtester\pathfinder.cpp(3839): warning C4018: '<': signed/unsigned mismatch
C:\Users\richa\OneDrive\Desktop\smashtester\pathfinder.cpp(3921): warning C4018: '<': signed/unsigned mismatch
C:\Users\richa\OneDrive\Desktop\smashtester\pathfinder.cpp(4003): warning C4018: '<': signed/unsigned mismatch
C:\Users\richa\OneDrive\Desktop\smashtester\pathfinder.cpp(4085): warning C4018: '<': signed/unsigned mismatch
C:\Users\richa\OneDrive\Desktop\smashtester\pathfinder.cpp(4167): warning C4018: '<': signed/unsigned mismatch
C:\Users\richa\OneDrive\Desktop\smashtester\pathfinder.cpp(4249): warning C4018: '<': signed/unsigned mismatch
C:\Users\richa\OneDrive\Desktop\smashtester\pathfinder.cpp(4331): warning C4018: '<': signed/unsigned mismatch
C:\Users\richa\OneDrive\Desktop\smashtester\pathfinder.cpp(257): warning C4101: 'c': unreferenced local variable
C:\Users\richa\OneDrive\Desktop\smashtester\pathfinder.cpp(326): warning C4101: 'error': unreferenced local variable
  LINK : C:\Users\richa\OneDrive\Desktop\smashtester\build\Debug\pathfinder.exe not found or not built by the last incremental link; performing full link
  pathfinder.vcxproj -> C:\Users\richa\OneDrive\Desktop\smashtester\build\Debug\pathfinder.exe
